{"/Users/nikitakurilin/Desktop/git/enigmaAPI/src/index.ts": {"path":"/Users/nikitakurilin/Desktop/git/enigmaAPI/src/index.ts","statementMap":{"0":{"start":{"line":1,"column":0},"end":{"line":1,"column":30}},"1":{"start":{"line":2,"column":0},"end":{"line":2,"column":28}},"2":{"start":{"line":3,"column":0},"end":{"line":3,"column":28}},"3":{"start":{"line":4,"column":0},"end":{"line":4,"column":24}},"4":{"start":{"line":6,"column":0},"end":{"line":6,"column":41}},"5":{"start":{"line":7,"column":0},"end":{"line":7,"column":43}},"6":{"start":{"line":9,"column":0},"end":{"line":9,"column":61}},"7":{"start":{"line":10,"column":0},"end":{"line":10,"column":46}},"8":{"start":{"line":11,"column":0},"end":{"line":11,"column":48}},"9":{"start":{"line":13,"column":0},"end":{"line":13,"column":16}},"10":{"start":{"line":15,"column":12},"end":{"line":15,"column":21}},"11":{"start":{"line":47,"column":9},"end":{"line":47,"column":12}},"12":{"start":{"line":16,"column":13},"end":{"line":16,"column":37}},"13":{"start":{"line":19,"column":0},"end":{"line":19,"column":18}},"14":{"start":{"line":21,"column":0},"end":{"line":21,"column":16}},"15":{"start":{"line":23,"column":0},"end":{"line":23,"column":26}},"16":{"start":{"line":26,"column":0},"end":{"line":26,"column":26}},"17":{"start":{"line":27,"column":0},"end":{"line":27,"column":33}},"18":{"start":{"line":29,"column":23},"end":{"line":38,"column":2}},"19":{"start":{"line":40,"column":20},"end":{"line":40,"column":48}},"20":{"start":{"line":41,"column":0},"end":{"line":41,"column":68}},"21":{"start":{"line":43,"column":15},"end":{"line":45,"column":2}},"22":{"start":{"line":44,"column":1},"end":{"line":44,"column":48}},"23":{"start":{"line":47,"column":14},"end":{"line":47,"column":20}}},"fnMap":{"0":{"name":"(anonymous_1)","decl":{"start":{"line":43,"column":32},"end":{"line":43,"column":35}},"loc":{"start":{"line":43,"column":37},"end":{"line":45,"column":1}}}},"branchMap":{"0":{"loc":{"start":{"line":16,"column":13},"end":{"line":16,"column":37}},"type":"binary-expr","locations":[{"start":{"line":16,"column":13},"end":{"line":16,"column":29}},{"start":{"line":16,"column":33},"end":{"line":16,"column":37}}]}},"s":{"0":1,"1":1,"2":1,"3":1,"4":1,"5":1,"6":1,"7":1,"8":1,"9":1,"10":1,"11":1,"12":1,"13":1,"14":1,"15":1,"16":1,"17":1,"18":1,"19":1,"20":1,"21":1,"22":1,"23":1},"f":{"0":1},"b":{"0":[1,1]}}
,"/Users/nikitakurilin/Desktop/git/enigmaAPI/src/libs/logger.ts": {"path":"/Users/nikitakurilin/Desktop/git/enigmaAPI/src/libs/logger.ts","statementMap":{"0":{"start":{"line":1,"column":0},"end":{"line":1,"column":30}},"1":{"start":{"line":6,"column":15},"end":{"line":12,"column":2}},"2":{"start":{"line":18,"column":14},"end":{"line":22,"column":1}},"3":{"start":{"line":19,"column":13},"end":{"line":19,"column":50}},"4":{"start":{"line":20,"column":23},"end":{"line":20,"column":44}},"5":{"start":{"line":21,"column":1},"end":{"line":21,"column":41}},"6":{"start":{"line":27,"column":15},"end":{"line":33,"column":2}},"7":{"start":{"line":37,"column":0},"end":{"line":37,"column":26}},"8":{"start":{"line":40,"column":15},"end":{"line":46,"column":null}},"9":{"start":{"line":46,"column":33},"end":{"line":46,"column":83}},"10":{"start":{"line":51,"column":19},"end":{"line":62,"column":2}},"11":{"start":{"line":66,"column":15},"end":{"line":71,"column":2}},"12":{"start":{"line":73,"column":0},"end":{"line":73,"column":22}}},"fnMap":{"0":{"name":"(anonymous_1)","decl":{"start":{"line":18,"column":14},"end":{"line":18,"column":17}},"loc":{"start":{"line":18,"column":19},"end":{"line":22,"column":1}}},"1":{"name":"(anonymous_2)","decl":{"start":{"line":46,"column":23},"end":{"line":46,"column":24}},"loc":{"start":{"line":46,"column":33},"end":{"line":46,"column":83}}}},"branchMap":{"0":{"loc":{"start":{"line":19,"column":13},"end":{"line":19,"column":50}},"type":"binary-expr","locations":[{"start":{"line":19,"column":13},"end":{"line":19,"column":33}},{"start":{"line":19,"column":37},"end":{"line":19,"column":50}}]},"1":{"loc":{"start":{"line":21,"column":8},"end":{"line":21,"column":40}},"type":"cond-expr","locations":[{"start":{"line":21,"column":24},"end":{"line":21,"column":31}},{"start":{"line":21,"column":34},"end":{"line":21,"column":40}}]}},"s":{"0":1,"1":1,"2":1,"3":1,"4":1,"5":1,"6":1,"7":1,"8":1,"9":0,"10":1,"11":1,"12":1},"f":{"0":1,"1":0},"b":{"0":[1,0],"1":[0,1]}}
,"/Users/nikitakurilin/Desktop/git/enigmaAPI/src/middlewares/morganMiddleware.ts": {"path":"/Users/nikitakurilin/Desktop/git/enigmaAPI/src/middlewares/morganMiddleware.ts","statementMap":{"0":{"start":{"line":1,"column":0},"end":{"line":1,"column":47}},"1":{"start":{"line":2,"column":0},"end":{"line":2,"column":34}},"2":{"start":{"line":6,"column":30},"end":{"line":9,"column":2}},"3":{"start":{"line":8,"column":21},"end":{"line":8,"column":41}},"4":{"start":{"line":16,"column":13},"end":{"line":19,"column":1}},"5":{"start":{"line":17,"column":13},"end":{"line":17,"column":50}},"6":{"start":{"line":18,"column":1},"end":{"line":18,"column":30}},"7":{"start":{"line":22,"column":25},"end":{"line":30,"column":null}},"8":{"start":{"line":33,"column":0},"end":{"line":33,"column":32}}},"fnMap":{"0":{"name":"(anonymous_1)","decl":{"start":{"line":8,"column":8},"end":{"line":8,"column":9}},"loc":{"start":{"line":8,"column":21},"end":{"line":8,"column":41}}},"1":{"name":"(anonymous_2)","decl":{"start":{"line":16,"column":13},"end":{"line":16,"column":16}},"loc":{"start":{"line":16,"column":18},"end":{"line":19,"column":1}}}},"branchMap":{"0":{"loc":{"start":{"line":17,"column":13},"end":{"line":17,"column":50}},"type":"binary-expr","locations":[{"start":{"line":17,"column":13},"end":{"line":17,"column":33}},{"start":{"line":17,"column":37},"end":{"line":17,"column":50}}]}},"s":{"0":1,"1":1,"2":1,"3":0,"4":1,"5":1,"6":1,"7":1,"8":1},"f":{"0":0,"1":1},"b":{"0":[1,0]}}
,"/Users/nikitakurilin/Desktop/git/enigmaAPI/src/routes/indexRouter.ts": {"path":"/Users/nikitakurilin/Desktop/git/enigmaAPI/src/routes/indexRouter.ts","statementMap":{"0":{"start":{"line":1,"column":0},"end":{"line":1,"column":52}},"1":{"start":{"line":3,"column":23},"end":{"line":3,"column":31}},"2":{"start":{"line":15,"column":0},"end":{"line":17,"column":3}},"3":{"start":{"line":16,"column":1},"end":{"line":16,"column":31}},"4":{"start":{"line":19,"column":0},"end":{"line":19,"column":22}}},"fnMap":{"0":{"name":"(anonymous_0)","decl":{"start":{"line":15,"column":17},"end":{"line":15,"column":18}},"loc":{"start":{"line":15,"column":49},"end":{"line":17,"column":1}}}},"branchMap":{},"s":{"0":1,"1":1,"2":1,"3":1,"4":1},"f":{"0":1},"b":{}}
,"/Users/nikitakurilin/Desktop/git/enigmaAPI/src/routes/loggerRouter.ts": {"path":"/Users/nikitakurilin/Desktop/git/enigmaAPI/src/routes/loggerRouter.ts","statementMap":{"0":{"start":{"line":1,"column":0},"end":{"line":1,"column":52}},"1":{"start":{"line":2,"column":0},"end":{"line":2,"column":34}},"2":{"start":{"line":4,"column":15},"end":{"line":4,"column":23}},"3":{"start":{"line":16,"column":0},"end":{"line":24,"column":3}},"4":{"start":{"line":17,"column":1},"end":{"line":17,"column":38}},"5":{"start":{"line":18,"column":1},"end":{"line":18,"column":35}},"6":{"start":{"line":19,"column":1},"end":{"line":19,"column":35}},"7":{"start":{"line":20,"column":1},"end":{"line":20,"column":35}},"8":{"start":{"line":21,"column":1},"end":{"line":21,"column":37}},"9":{"start":{"line":23,"column":1},"end":{"line":23,"column":30}},"10":{"start":{"line":26,"column":0},"end":{"line":26,"column":22}}},"fnMap":{"0":{"name":"(anonymous_1)","decl":{"start":{"line":16,"column":17},"end":{"line":16,"column":18}},"loc":{"start":{"line":16,"column":49},"end":{"line":24,"column":1}}}},"branchMap":{},"s":{"0":1,"1":1,"2":1,"3":1,"4":0,"5":0,"6":0,"7":0,"8":0,"9":0,"10":1},"f":{"0":0},"b":{}}
}
