TN:
SF:src/index.ts
FN:43,(anonymous_1)
FNF:1
FNH:1
FNDA:1,(anonymous_1)
DA:1,1
DA:2,1
DA:3,1
DA:4,1
DA:6,1
DA:7,1
DA:9,1
DA:10,1
DA:11,1
DA:13,1
DA:15,1
DA:16,1
DA:19,1
DA:21,1
DA:23,1
DA:26,1
DA:27,1
DA:29,1
DA:40,1
DA:41,1
DA:43,1
DA:44,1
DA:47,1
LF:23
LH:23
BRDA:16,0,0,1
BRDA:16,0,1,1
BRF:2
BRH:2
end_of_record
TN:
SF:src/libs/logger.ts
FN:18,(anonymous_1)
FN:46,(anonymous_2)
FNF:2
FNH:1
FNDA:1,(anonymous_1)
FNDA:0,(anonymous_2)
DA:1,1
DA:6,1
DA:18,1
DA:19,1
DA:20,1
DA:21,1
DA:27,1
DA:37,1
DA:40,1
DA:46,0
DA:51,1
DA:66,1
DA:73,1
LF:13
LH:12
BRDA:19,0,0,1
BRDA:19,0,1,0
BRDA:21,1,0,0
BRDA:21,1,1,1
BRF:4
BRH:2
end_of_record
TN:
SF:src/middlewares/morganMiddleware.ts
FN:8,(anonymous_1)
FN:16,(anonymous_2)
FNF:2
FNH:1
FNDA:0,(anonymous_1)
FNDA:1,(anonymous_2)
DA:1,1
DA:2,1
DA:6,1
DA:8,0
DA:16,1
DA:17,1
DA:18,1
DA:22,1
DA:33,1
LF:9
LH:8
BRDA:17,0,0,1
BRDA:17,0,1,0
BRF:2
BRH:1
end_of_record
TN:
SF:src/routes/indexRouter.ts
FN:15,(anonymous_0)
FNF:1
FNH:1
FNDA:1,(anonymous_0)
DA:1,1
DA:3,1
DA:15,1
DA:16,1
DA:19,1
LF:5
LH:5
BRF:0
BRH:0
end_of_record
TN:
SF:src/routes/loggerRouter.ts
FN:16,(anonymous_1)
FNF:1
FNH:0
FNDA:0,(anonymous_1)
DA:1,1
DA:2,1
DA:4,1
DA:16,1
DA:17,0
DA:18,0
DA:19,0
DA:20,0
DA:21,0
DA:23,0
DA:26,1
LF:11
LH:5
BRF:0
BRH:0
end_of_record
